/var/spool/slurm/d/job07810/slurm_script: Zeile 4: module: Kommando nicht gefunden.
2 Knoten 1 Rank
--------------------------------------------------------------------------
Your job has requested more processes than the ppr for
this topology can support:

  App: ./lat.exe
  Number of procs:  2
  PPR: 1:node

Please revise the conflict and try again.
--------------------------------------------------------------------------
1 Knoten 2 Rank
Processor peac01, rank 0 out of 1 processors
sizeof msg = 4
The time is: 61171.60 ns
sizeof msg = 8
The time is: 50035.60 ns
sizeof msg = 16
The time is: 5043.60 ns
sizeof msg = 32
The time is: 346.00 ns
sizeof msg = 64
The time is: 264.40 ns
sizeof msg = 128
The time is: 238.80 ns
sizeof msg = 256
The time is: 236.40 ns
sizeof msg = 512
The time is: 218.80 ns
sizeof msg = 1024
The time is: 5510.80 ns
sizeof msg = 2048
The time is: 382.80 ns
sizeof msg = 4096
The time is: 548.80 ns
sizeof msg = 8192
The time is: 560.00 ns
sizeof msg = 16384
The time is: 3077.60 ns
sizeof msg = 32768
The time is: 2628.00 ns
sizeof msg = 65536
The time is: 5149.20 ns
sizeof msg = 131072
The time is: 4641.60 ns
sizeof msg = 262144
The time is: 3718.40 ns
sizeof msg = 524288
The time is: 2961.60 ns
sizeof msg = 1048576
The time is: 3144.40 ns
Processor peac01, rank 1 out of 1 processors
sizeof msg = 4
The time is: 21876.40 ns
sizeof msg = 8
The time is: 675.20 ns
sizeof msg = 16
The time is: 349.60 ns
sizeof msg = 32
The time is: 330.40 ns
sizeof msg = 64
The time is: 318.40 ns
sizeof msg = 128
The time is: 398.00 ns
sizeof msg = 256
The time is: 381.60 ns
sizeof msg = 512
The time is: 432.80 ns
sizeof msg = 1024
The time is: 46784.80 ns
sizeof msg = 2048
The time is: 536.80 ns
sizeof msg = 4096
The time is: 489.20 ns
sizeof msg = 8192
The time is: 426.40 ns
sizeof msg = 16384
The time is: 3139.60 ns
sizeof msg = 32768
The time is: 2688.80 ns
sizeof msg = 65536
The time is: 4116.80 ns
sizeof msg = 131072
The time is: 8979.20 ns
sizeof msg = 262144
The time is: 3462.80 ns
sizeof msg = 524288
The time is: 4842.80 ns
sizeof msg = 1048576
The time is: 4825.60 ns
