/var/spool/slurm/d/job07811/slurm_script: Zeile 4: module: Kommando nicht gefunden.
2 Knoten 1 Rank
Processor peac01, rank 0 out of 1 processors
sizeof msg = 4
The time is: 507430.80 ns
sizeof msg = 8
The time is: 121964.00 ns
sizeof msg = 16
The time is: 4448.00 ns
sizeof msg = 32
The time is: 413.20 ns
sizeof msg = 64
The time is: 293.60 ns
sizeof msg = 128
The time is: 257.20 ns
sizeof msg = 256
The time is: 262.40 ns
sizeof msg = 512
The time is: 243.20 ns
sizeof msg = 1024
The time is: 249.60 ns
sizeof msg = 2048
The time is: 256.00 ns
sizeof msg = 4096
The time is: 505.20 ns
sizeof msg = 8192
The time is: 455.60 ns
sizeof msg = 16384
The time is: 3145.60 ns
sizeof msg = 32768
The time is: 7936.00 ns
sizeof msg = 65536
The time is: 4146.80 ns
sizeof msg = 131072
The time is: 3135.60 ns
sizeof msg = 262144
The time is: 3204.80 ns
sizeof msg = 524288
The time is: 4072.00 ns
sizeof msg = 1048576
The time is: 4203.20 ns
Processor peac02, rank 1 out of 1 processors
sizeof msg = 4
The time is: 311882.00 ns
sizeof msg = 8
The time is: 3293.20 ns
sizeof msg = 16
The time is: 1200.00 ns
sizeof msg = 32
The time is: 1083.60 ns
sizeof msg = 64
The time is: 1036.40 ns
sizeof msg = 128
The time is: 1065.60 ns
sizeof msg = 256
The time is: 1003.60 ns
sizeof msg = 512
The time is: 1040.00 ns
sizeof msg = 1024
The time is: 987.20 ns
sizeof msg = 2048
The time is: 957.20 ns
sizeof msg = 4096
The time is: 1122.00 ns
sizeof msg = 8192
The time is: 1310.80 ns
sizeof msg = 16384
The time is: 4036.80 ns
sizeof msg = 32768
The time is: 6714.40 ns
sizeof msg = 65536
The time is: 4795.20 ns
sizeof msg = 131072
The time is: 3782.00 ns
sizeof msg = 262144
The time is: 3838.80 ns
sizeof msg = 524288
The time is: 3935.20 ns
sizeof msg = 1048576
The time is: 4649.20 ns
1 Knoten 2 Rank
Processor peac01, rank 0 out of 1 processors
sizeof msg = 4
The time is: 49904.00 ns
sizeof msg = 8
The time is: 3085.20 ns
sizeof msg = 16
The time is: 4065.20 ns
sizeof msg = 32
The time is: 371.60 ns
sizeof msg = 64
The time is: 242.40 ns
sizeof msg = 128
The time is: 247.60 ns
sizeof msg = 256
The time is: 1206.00 ns
sizeof msg = 512
The time is: 238.40 ns
sizeof msg = 1024
The time is: 15232.00 ns
sizeof msg = 2048
The time is: 977.20 ns
sizeof msg = 4096
The time is: 881.20 ns
sizeof msg = 8192
The time is: 3666.00 ns
sizeof msg = 16384
The time is: 5115.20 ns
sizeof msg = 32768
The time is: 5461.20 ns
sizeof msg = 65536
The time is: 6853.60 ns
sizeof msg = 131072
The time is: 9934.00 ns
sizeof msg = 262144
The time is: 7961.20 ns
sizeof msg = 524288
The time is: 5762.00 ns
sizeof msg = 1048576
The time is: 7700.00 ns
Processor peac01, rank 1 out of 1 processors
sizeof msg = 4
The time is: 22211.20 ns
sizeof msg = 8
The time is: 628.00 ns
sizeof msg = 16
The time is: 370.00 ns
sizeof msg = 32
The time is: 347.20 ns
sizeof msg = 64
The time is: 350.40 ns
sizeof msg = 128
The time is: 311.60 ns
sizeof msg = 256
The time is: 392.40 ns
sizeof msg = 512
The time is: 308.00 ns
sizeof msg = 1024
The time is: 35464.00 ns
sizeof msg = 2048
The time is: 709.60 ns
sizeof msg = 4096
The time is: 631.20 ns
sizeof msg = 8192
The time is: 3284.00 ns
sizeof msg = 16384
The time is: 4809.20 ns
sizeof msg = 32768
The time is: 4472.40 ns
sizeof msg = 65536
The time is: 8206.40 ns
sizeof msg = 131072
The time is: 11262.80 ns
sizeof msg = 262144
The time is: 5884.80 ns
sizeof msg = 524288
The time is: 6887.60 ns
sizeof msg = 1048576
The time is: 8755.20 ns
